DEBUG 2022-03-31 11:42:24.955 UTC: 	 CRAB Client version: v3.220210
DEBUG 2022-03-31 11:42:24.956 UTC: 	 Running on: Linux lxplus782.cern.ch 3.10.0-1160.59.1.el7.x86_64 #1 SMP Wed Feb 23 16:47:03 UTC 2022 x86_64 x86_64 x86_64 GNU/Linux - CentOS Linux 7 (Core)
DEBUG 2022-03-31 11:42:24.956 UTC: 	 Executing command: 'submit'
DEBUG 2022-03-31 11:42:24.956 UTC: 	 Found CRAB cache file /afs/cern.ch/user/y/yian/.crab3
INFO 2022-03-31 11:42:24.957 UTC: 	 Will use CRAB configuration file crabcode_2016/WGToLNuG_01J_5f_TuneCP5_13TeV-amcatnloFXFX-pythia8_2016_cfg.py
DEBUG 2022-03-31 11:42:24.957 UTC: 	 Loading CRAB configuration file.
DEBUG 2022-03-31 11:42:24.966 UTC: 	 Will use CRAB Analysis plugin (i.e. will run an analysis job type).
DEBUG 2022-03-31 11:42:24.986 UTC: 	 Checking credentials
DEBUG 2022-03-31 11:42:24.986 UTC: 	 Found proxy file /tmp/x509up_u110046
DEBUG 2022-03-31 11:42:24.986 UTC: 	 Making sure it has proper VOMS extension
DEBUG 2022-03-31 11:42:24.986 UTC: 	 Executing command :
 voms-proxy-info --vo --file /tmp/x509up_u110046
DEBUG 2022-03-31 11:42:25.724 UTC: 	 output : cms

 error: 
 retcode : 0
DEBUG 2022-03-31 11:42:25.725 UTC: 	 Getting proxy life time left
DEBUG 2022-03-31 11:42:25.725 UTC: 	 Executing command :
 voms-proxy-info --actimeleft --timeleft --file /tmp/x509up_u110046
DEBUG 2022-03-31 11:42:26.352 UTC: 	 output : 603783
603783

 error: 
 retcode : 0
DEBUG 2022-03-31 11:42:26.352 UTC: 	 Proxy valid for 167:43:03 hours
DEBUG 2022-03-31 11:42:26.426 UTC: 	 Encoded data for curl request: subresource=delegatedn
DEBUG 2022-03-31 11:42:26.427 UTC: 	 Executing command :
 curl -v -X GET -H "User-Agent: CRABClient/v3.220210" -H "Accept: */*" --data @/tmp/crab_curlDatajr9Rrm --cert "/tmp/x509up_u110046" --key "/tmp/x509up_u110046" --capath "/etc/grid-security/certificates/" "https://cmsweb.cern.ch:8443/crabserver/prod/info?subresource=delegatedn" | tee /dev/stderr 
DEBUG 2022-03-31 11:42:26.495 UTC: 	 output : {"result": [
 {"services": ["/DC=ch/DC=cern/OU=computers/CN=crab-(preprod|prod|dev)-tw(02|01).cern.ch|/DC=ch/DC=cern/OU=computers/CN=stefanov(m|m2).cern.ch|/DC=ch/DC=cern/OU=computers/CN=dciangot-tw.cern.ch"]}
]}

 error:   % Total    % Received % Xferd  Average Speed   Time    Time     Time  Current
                                 Dload  Upload   Total   Spent    Left  Speed
  0     0    0     0    0     0      0      0 --:--:-- --:--:-- --:--:--     0*   Trying 188.185.101.116...
* TCP_NODELAY set
* Connected to cmsweb.cern.ch (188.185.101.116) port 8443 (#0)
* ALPN, offering http/1.1
* Cipher selection: ALL:!EXPORT:!EXPORT40:!EXPORT56:!aNULL:!LOW:!RC4:@STRENGTH
* successfully set certificate verify locations:
  CAfile: /etc/pki/tls/certs/ca-bundle.crt
  CApath: /etc/grid-security/certificates/
* TLSv1.2 (OUT), TLS header, Certificate Status (22):
} [5 bytes data]
* TLSv1.2 (OUT), TLS handshake, Client hello (1):
} [512 bytes data]
* TLSv1.2 (IN), TLS handshake, Server hello (2):
{ [109 bytes data]
* TLSv1.2 (IN), TLS handshake, Certificate (11):
{ [6199 bytes data]
* TLSv1.2 (IN), TLS handshake, Server key exchange (12):
{ [333 bytes data]
* TLSv1.2 (IN), TLS handshake, Request CERT (13):
{ [13495 bytes data]
* TLSv1.2 (IN), TLS handshake, Server finished (14):
{ [4 bytes data]
* TLSv1.2 (OUT), TLS handshake, Certificate (11):
} [6129 bytes data]
* TLSv1.2 (OUT), TLS handshake, Client key exchange (16):
} [70 bytes data]
* TLSv1.2 (OUT), TLS handshake, CERT verify (15):
} [264 bytes data]
* TLSv1.2 (OUT), TLS change cipher, Client hello (1):
} [1 bytes data]
* TLSv1.2 (OUT), TLS handshake, Finished (20):
} [16 bytes data]
* TLSv1.2 (IN), TLS change cipher, Client hello (1):
{ [1 bytes data]
* TLSv1.2 (IN), TLS handshake, Finished (20):
{ [16 bytes data]
* SSL connection using TLSv1.2 / ECDHE-RSA-AES128-GCM-SHA256
* ALPN, server accepted to use http/1.1
* Server certificate:
*  subject: DC=ch; DC=cern; OU=computers; CN=cmsweb.cern.ch
*  start date: Feb 17 13:05:12 2022 GMT
*  expire date: Mar 24 13:05:12 2023 GMT
*  subjectAltName: host "cmsweb.cern.ch" matched cert's "cmsweb.cern.ch"
*  issuer: DC=ch; DC=cern; CN=CERN Grid Certification Authority
*  SSL certificate verify ok.
} [5 bytes data]
> GET /crabserver/prod/info?subresource=delegatedn HTTP/1.1
> Host: cmsweb.cern.ch:8443
> User-Agent: CRABClient/v3.220210
> Accept: */*
> Content-Length: 22
> Content-Type: application/x-www-form-urlencoded
> 
} [22 bytes data]
* upload completely sent off: 22 out of 22 bytes
{ [5 bytes data]
< HTTP/1.1 200 OK
< Date: Thu, 31 Mar 2022 11:42:26 GMT
< Server: CherryPy/17.4.0
< Content-Type: application/json
< Vary: Accept
< Cache-Control: max-age=3600
< X-Rest-Status: 100
< Etag: "de92dcb56f87dabbe30965e60a433c3f1b873eab"
< Content-Length: 213
< X-Rest-Time: 3412.962 us
< CMS-Server-Time: D=9231 t=1648726946481570
< 
{ [5 bytes data]
100   235  100   213  100    22   5071    523 --:--:-- --:--:-- --:--:--  5595
* Connection #0 to host cmsweb.cern.ch left intact
{"result": [
 {"services": ["/DC=ch/DC=cern/OU=computers/CN=crab-(preprod|prod|dev)-tw(02|01).cern.ch|/DC=ch/DC=cern/OU=computers/CN=stefanov(m|m2).cern.ch|/DC=ch/DC=cern/OU=computers/CN=dciangot-tw.cern.ch"]}
]}

 retcode : 0
DEBUG 2022-03-31 11:42:26.496 UTC: 	 Registering user credentials on myproxy for /DC=ch/DC=cern/OU=computers/CN=crab-(preprod|prod|dev)-tw(02|01).cern.ch|/DC=ch/DC=cern/OU=computers/CN=stefanov(m|m2).cern.ch|/DC=ch/DC=cern/OU=computers/CN=dciangot-tw.cern.ch
DEBUG 2022-03-31 11:42:26.496 UTC: 	 Executing command :
 voms-proxy-info --identity --file /tmp/x509up_u110046
DEBUG 2022-03-31 11:42:27.129 UTC: 	 output : /DC=ch/DC=cern/OU=Organic Units/OU=Users/CN=yian/CN=826694/CN=Ying An

 error: 
 retcode : 0
DEBUG 2022-03-31 11:42:27.130 UTC: 	 Getting myproxy life time left for b52ac606a6f7097e9b4b8f05a3a67cc69f8f291b
DEBUG 2022-03-31 11:42:27.130 UTC: 	 Executing command :
 myproxy-info -s myproxy.cern.ch -l b52ac606a6f7097e9b4b8f05a3a67cc69f8f291b
DEBUG 2022-03-31 11:42:27.427 UTC: 	 output : username: b52ac606a6f7097e9b4b8f05a3a67cc69f8f291b
owner: /DC=ch/DC=cern/OU=Organic Units/OU=Users/CN=yian/CN=826694/CN=Ying An
  renewal policy: /DC=ch/DC=cern/OU=computers/CN=crab-(preprod|prod|dev)-tw(02|01).cern.ch|/DC=ch/DC=cern/OU=computers/CN=stefanov(m|m2).cern.ch|/DC=ch/DC=cern/OU=computers/CN=dciangot-tw.cern.ch
  trusted retrieval policy: /DC=ch/DC=cern/OU=computers/CN=crab-(preprod|prod|dev)-tw(02|01).cern.ch|/DC=ch/DC=cern/OU=computers/CN=stefanov(m|m2).cern.ch|/DC=ch/DC=cern/OU=computers/CN=dciangot-tw.cern.ch
  timeleft: 556:30:15  (23.2 days)

 error: 
 retcode : 0
DEBUG 2022-03-31 11:42:27.428 UTC: 	 Myproxy is valid: 2003400
DEBUG 2022-03-31 11:42:27.428 UTC: 	 Result of myproxy credential check:
  Credential exists on myproxy: username: b52ac606a6f7097e9b4b8f05a3a67cc69f8f291b  - validity: 23 days, 4:30:00
DEBUG 2022-03-31 11:42:27.428 UTC: 	 Command use: submit
DEBUG 2022-03-31 11:42:27.428 UTC: 	 Options use: ['-c', 'crabcode_2016/WGToLNuG_01J_5f_TuneCP5_13TeV-amcatnloFXFX-pythia8_2016_cfg.py']
DEBUG 2022-03-31 11:42:27.428 UTC: 	 Encoded data for curl request: subresource=version
DEBUG 2022-03-31 11:42:27.457 UTC: 	 Executing command :
 curl -v -X GET -H "User-Agent: CRABClient/v3.220210" -H "Accept: */*" --data @/tmp/crab_curlDataJRpr13 --cert "/tmp/x509up_u110046" --key "/tmp/x509up_u110046" --capath "/etc/grid-security/certificates/" "https://cmsweb.cern.ch:8443/crabserver/prod/info?subresource=version" | tee /dev/stderr 
DEBUG 2022-03-31 11:42:27.527 UTC: 	 output : {"result": [
 ["3.3.19", "3.3.20", "v3", "development", "py3.220218"]
]}

 error:   % Total    % Received % Xferd  Average Speed   Time    Time     Time  Current
                                 Dload  Upload   Total   Spent    Left  Speed
  0     0    0     0    0     0      0      0 --:--:-- --:--:-- --:--:--     0*   Trying 188.185.101.116...
* TCP_NODELAY set
* Connected to cmsweb.cern.ch (188.185.101.116) port 8443 (#0)
* ALPN, offering http/1.1
* Cipher selection: ALL:!EXPORT:!EXPORT40:!EXPORT56:!aNULL:!LOW:!RC4:@STRENGTH
* successfully set certificate verify locations:
  CAfile: /etc/pki/tls/certs/ca-bundle.crt
  CApath: /etc/grid-security/certificates/
* TLSv1.2 (OUT), TLS header, Certificate Status (22):
} [5 bytes data]
* TLSv1.2 (OUT), TLS handshake, Client hello (1):
} [512 bytes data]
* TLSv1.2 (IN), TLS handshake, Server hello (2):
{ [109 bytes data]
* TLSv1.2 (IN), TLS handshake, Certificate (11):
{ [6199 bytes data]
* TLSv1.2 (IN), TLS handshake, Server key exchange (12):
{ [333 bytes data]
* TLSv1.2 (IN), TLS handshake, Request CERT (13):
{ [13495 bytes data]
* TLSv1.2 (IN), TLS handshake, Server finished (14):
{ [4 bytes data]
* TLSv1.2 (OUT), TLS handshake, Certificate (11):
} [6129 bytes data]
* TLSv1.2 (OUT), TLS handshake, Client key exchange (16):
} [70 bytes data]
* TLSv1.2 (OUT), TLS handshake, CERT verify (15):
} [264 bytes data]
* TLSv1.2 (OUT), TLS change cipher, Client hello (1):
} [1 bytes data]
* TLSv1.2 (OUT), TLS handshake, Finished (20):
} [16 bytes data]
* TLSv1.2 (IN), TLS change cipher, Client hello (1):
{ [1 bytes data]
* TLSv1.2 (IN), TLS handshake, Finished (20):
{ [16 bytes data]
* SSL connection using TLSv1.2 / ECDHE-RSA-AES128-GCM-SHA256
* ALPN, server accepted to use http/1.1
* Server certificate:
*  subject: DC=ch; DC=cern; OU=computers; CN=cmsweb.cern.ch
*  start date: Feb 17 13:05:12 2022 GMT
*  expire date: Mar 24 13:05:12 2023 GMT
*  subjectAltName: host "cmsweb.cern.ch" matched cert's "cmsweb.cern.ch"
*  issuer: DC=ch; DC=cern; CN=CERN Grid Certification Authority
*  SSL certificate verify ok.
} [5 bytes data]
> GET /crabserver/prod/info?subresource=version HTTP/1.1
> Host: cmsweb.cern.ch:8443
> User-Agent: CRABClient/v3.220210
> Accept: */*
> Content-Length: 19
> Content-Type: application/x-www-form-urlencoded
> 
} [19 bytes data]
* upload completely sent off: 19 out of 19 bytes
{ [5 bytes data]
< HTTP/1.1 200 OK
< Date: Thu, 31 Mar 2022 11:42:27 GMT
< Server: CherryPy/17.4.0
< Content-Type: application/json
< Vary: Accept
< Cache-Control: max-age=3600
< X-Rest-Status: 100
< Etag: "b9e9d953ebda03e57a376ab381078e87e4cd4aa3"
< Content-Length: 73
< X-Rest-Time: 1942.873 us
< CMS-Server-Time: D=10381 t=1648726947512580
< 
{ [5 bytes data]
100    92  100    73  100    19   1697    441 --:--:-- --:--:-- --:--:--  2139
* Connection #0 to host cmsweb.cern.ch left intact
{"result": [
 ["3.3.19", "3.3.20", "v3", "development", "py3.220218"]
]}

 retcode : 0
DEBUG 2022-03-31 11:42:27.529 UTC: 	 CRABClient version: v3.220210
DEBUG 2022-03-31 11:42:27.529 UTC: 	 Instance is prod
DEBUG 2022-03-31 11:42:27.529 UTC: 	 Server base url is cmsweb.cern.ch
DEBUG 2022-03-31 11:42:27.529 UTC: 	 Command api workflow
DEBUG 2022-03-31 11:42:27.529 UTC: 	 Started submission
DEBUG 2022-03-31 11:42:27.529 UTC: 	 Working on /afs/cern.ch/work/y/yian/work/GZ/CMSSW_10_6_29/src/PhysicsTools/NanoAODTools/WWG/2016post/crab/crab2016/crab_WGToLNuG_01J_5f_TuneCP5_13TeV-amcatnloFXFX-pythia8_2016
DEBUG 2022-03-31 11:42:27.529 UTC: 	 Encoded data for curl request: subresource=backendurls
DEBUG 2022-03-31 11:42:27.538 UTC: 	 Executing command :
 curl -v -X GET -H "User-Agent: CRABClient/v3.220210" -H "Accept: */*" --data @/tmp/crab_curlDataz1HBn7 --cert "/tmp/x509up_u110046" --key "/tmp/x509up_u110046" --capath "/etc/grid-security/certificates/" "https://cmsweb.cern.ch:8443/crabserver/prod/info?subresource=backendurls" | tee /dev/stderr 
DEBUG 2022-03-31 11:42:27.607 UTC: 	 output : {"result": [
 {"cacheSSL": "https://cmsweb.cern.ch/S3/crabcache_prod", "htcondorSchedds": {"crab3@vocms059.cern.ch": {"proxiedurl": "https://cmsweb.cern.ch:8443/scheddmon/059", "weightfactor": 0}, "crab3@vocms068.cern.ch": {"proxiedurl": "https://cmsweb.cern.ch:8443/scheddmon/068", "weightfactor": 1}, "crab3@vocms069.cern.ch": {"proxiedurl": "https://cmsweb.cern.ch:8443/scheddmon/069", "weightfactor": 1}, "crab3@vocms0106.cern.ch": {"proxiedurl": "https://cmsweb.cern.ch:8443/scheddmon/0106", "weightfactor": 1}, "crab3@vocms0107.cern.ch": {"proxiedurl": "https://cmsweb.cern.ch:8443/scheddmon/0107", "weightfactor": 1}, "crab3@vocms0119.cern.ch": {"proxiedurl": "https://cmsweb.cern.ch:8443/scheddmon/0119", "weightfactor": 1}, "crab3@vocms0120.cern.ch": {"proxiedurl": "https://cmsweb.cern.ch:8443/scheddmon/0120", "weightfactor": 1}, "crab3@vocms0121.cern.ch": {"proxiedurl": "https://cmsweb.cern.ch:8443/scheddmon/0121", "weightfactor": 1}, "crab3@vocms0122.cern.ch": {"proxiedurl": "https://cmsweb.cern.ch:8443/scheddmon/0122", "weightfactor": 1}, "crab3@vocms0137.cern.ch": {"proxiedurl": "https://cmsweb.cern.ch:8443/scheddmon/0137", "weightfactor": 1}, "crab3@vocms0144.cern.ch": {"proxiedurl": "https://cmsweb.cern.ch:8443/scheddmon/0144", "weightfactor": 1}, "crab3@vocms0155.cern.ch": {"proxiedurl": "https://cmsweb.cern.ch:8443/scheddmon/0155", "weightfactor": 1}, "crab3@vocms0194.cern.ch": {"proxiedurl": "https://cmsweb.cern.ch:8443/scheddmon/0194", "weightfactor": 1}, "crab3@vocms0195.cern.ch": {"proxiedurl": "https://cmsweb.cern.ch:8443/scheddmon/0195", "weightfactor": 1}, "crab3@vocms0196.cern.ch": {"proxiedurl": "https://cmsweb.cern.ch:8443/scheddmon/0196", "weightfactor": 1}, "crab3@vocms0197.cern.ch": {"proxiedurl": "https://cmsweb.cern.ch:8443/scheddmon/0197", "weightfactor": 1}, "crab3@vocms0198.cern.ch": {"proxiedurl": "https://cmsweb.cern.ch:8443/scheddmon/0198", "weightfactor": 1}, "crab3@vocms0199.cern.ch": {"proxiedurl": "https://cmsweb.cern.ch:8443/scheddmon/0199", "weightfactor": 1}}, "asoConfig": [{"couchURL": "https://cmsweb.cern.ch/crabserver/prod", "couchDBName": "filetransfers"}], "htcondorPool": "cmsgwms-collector-global.cern.ch:9620,cmsgwms-collector-global.fnal.gov:9620"}
]}

 error:   % Total    % Received % Xferd  Average Speed   Time    Time     Time  Current
                                 Dload  Upload   Total   Spent    Left  Speed
  0     0    0     0    0     0      0      0 --:--:-- --:--:-- --:--:--     0*   Trying 188.185.101.116...
* TCP_NODELAY set
* Connected to cmsweb.cern.ch (188.185.101.116) port 8443 (#0)
* ALPN, offering http/1.1
* Cipher selection: ALL:!EXPORT:!EXPORT40:!EXPORT56:!aNULL:!LOW:!RC4:@STRENGTH
* successfully set certificate verify locations:
  CAfile: /etc/pki/tls/certs/ca-bundle.crt
  CApath: /etc/grid-security/certificates/
* TLSv1.2 (OUT), TLS header, Certificate Status (22):
} [5 bytes data]
* TLSv1.2 (OUT), TLS handshake, Client hello (1):
} [512 bytes data]
* TLSv1.2 (IN), TLS handshake, Server hello (2):
{ [109 bytes data]
* TLSv1.2 (IN), TLS handshake, Certificate (11):
{ [6199 bytes data]
* TLSv1.2 (IN), TLS handshake, Server key exchange (12):
{ [333 bytes data]
* TLSv1.2 (IN), TLS handshake, Request CERT (13):
{ [13495 bytes data]
* TLSv1.2 (IN), TLS handshake, Server finished (14):
{ [4 bytes data]
* TLSv1.2 (OUT), TLS handshake, Certificate (11):
} [6129 bytes data]
* TLSv1.2 (OUT), TLS handshake, Client key exchange (16):
} [70 bytes data]
* TLSv1.2 (OUT), TLS handshake, CERT verify (15):
} [264 bytes data]
* TLSv1.2 (OUT), TLS change cipher, Client hello (1):
} [1 bytes data]
* TLSv1.2 (OUT), TLS handshake, Finished (20):
} [16 bytes data]
* TLSv1.2 (IN), TLS change cipher, Client hello (1):
{ [1 bytes data]
* TLSv1.2 (IN), TLS handshake, Finished (20):
{ [16 bytes data]
* SSL connection using TLSv1.2 / ECDHE-RSA-AES128-GCM-SHA256
* ALPN, server accepted to use http/1.1
* Server certificate:
*  subject: DC=ch; DC=cern; OU=computers; CN=cmsweb.cern.ch
*  start date: Feb 17 13:05:12 2022 GMT
*  expire date: Mar 24 13:05:12 2023 GMT
*  subjectAltName: host "cmsweb.cern.ch" matched cert's "cmsweb.cern.ch"
*  issuer: DC=ch; DC=cern; CN=CERN Grid Certification Authority
*  SSL certificate verify ok.
} [5 bytes data]
> GET /crabserver/prod/info?subresource=backendurls HTTP/1.1
> Host: cmsweb.cern.ch:8443
> User-Agent: CRABClient/v3.220210
> Accept: */*
> Content-Length: 23
> Content-Type: application/x-www-form-urlencoded
> 
} [23 bytes data]
* upload completely sent off: 23 out of 23 bytes
{ [5 bytes data]
< HTTP/1.1 200 OK
< Date: Thu, 31 Mar 2022 11:42:27 GMT
< Server: CherryPy/17.4.0
< Content-Type: application/json
< Vary: Accept
< Cache-Control: max-age=3600
< X-Rest-Status: 100
< Etag: "33581c872b594825cd6b153efac3e8632410185f"
< Content-Length: 2232
< X-Rest-Time: 2662.659 us
< CMS-Server-Time: D=10531 t=1648726947591837
< 
{ [5 bytes data]
100  2255  100  2232  100    23  51906    534 --:--:-- --:--:-- --:--:-- 52441
* Connection #0 to host cmsweb.cern.ch left intact
{"result": [
 {"cacheSSL": "https://cmsweb.cern.ch/S3/crabcache_prod", "htcondorSchedds": {"crab3@vocms059.cern.ch": {"proxiedurl": "https://cmsweb.cern.ch:8443/scheddmon/059", "weightfactor": 0}, "crab3@vocms068.cern.ch": {"proxiedurl": "https://cmsweb.cern.ch:8443/scheddmon/068", "weightfactor": 1}, "crab3@vocms069.cern.ch": {"proxiedurl": "https://cmsweb.cern.ch:8443/scheddmon/069", "weightfactor": 1}, "crab3@vocms0106.cern.ch": {"proxiedurl": "https://cmsweb.cern.ch:8443/scheddmon/0106", "weightfactor": 1}, "crab3@vocms0107.cern.ch": {"proxiedurl": "https://cmsweb.cern.ch:8443/scheddmon/0107", "weightfactor": 1}, "crab3@vocms0119.cern.ch": {"proxiedurl": "https://cmsweb.cern.ch:8443/scheddmon/0119", "weightfactor": 1}, "crab3@vocms0120.cern.ch": {"proxiedurl": "https://cmsweb.cern.ch:8443/scheddmon/0120", "weightfactor": 1}, "crab3@vocms0121.cern.ch": {"proxiedurl": "https://cmsweb.cern.ch:8443/scheddmon/0121", "weightfactor": 1}, "crab3@vocms0122.cern.ch": {"proxiedurl": "https://cmsweb.cern.ch:8443/scheddmon/0122", "weightfactor": 1}, "crab3@vocms0137.cern.ch": {"proxiedurl": "https://cmsweb.cern.ch:8443/scheddmon/0137", "weightfactor": 1}, "crab3@vocms0144.cern.ch": {"proxiedurl": "https://cmsweb.cern.ch:8443/scheddmon/0144", "weightfactor": 1}, "crab3@vocms0155.cern.ch": {"proxiedurl": "https://cmsweb.cern.ch:8443/scheddmon/0155", "weightfactor": 1}, "crab3@vocms0194.cern.ch": {"proxiedurl": "https://cmsweb.cern.ch:8443/scheddmon/0194", "weightfactor": 1}, "crab3@vocms0195.cern.ch": {"proxiedurl": "https://cmsweb.cern.ch:8443/scheddmon/0195", "weightfactor": 1}, "crab3@vocms0196.cern.ch": {"proxiedurl": "https://cmsweb.cern.ch:8443/scheddmon/0196", "weightfactor": 1}, "crab3@vocms0197.cern.ch": {"proxiedurl": "https://cmsweb.cern.ch:8443/scheddmon/0197", "weightfactor": 1}, "crab3@vocms0198.cern.ch": {"proxiedurl": "https://cmsweb.cern.ch:8443/scheddmon/0198", "weightfactor": 1}, "crab3@vocms0199.cern.ch": {"proxiedurl": "https://cmsweb.cern.ch:8443/scheddmon/0199", "weightfactor": 1}}, "asoConfig": [{"couchURL": "https://cmsweb.cern.ch/crabserver/prod", "couchDBName": "filetransfers"}], "htcondorPool": "cmsgwms-collector-global.cern.ch:9620,cmsgwms-collector-global.fnal.gov:9620"}
]}

 retcode : 0
DEBUG 2022-03-31 11:42:27.655 UTC: 	 Loading required information from the environment
DEBUG 2022-03-31 11:42:27.655 UTC: 	 Found CMSSW_10_6_29 for slc7_amd64_gcc820 with base /afs/cern.ch/work/y/yian/work/GZ/CMSSW_10_6_29
DEBUG 2022-03-31 11:42:27.655 UTC: 	 Loading required information from the environment
DEBUG 2022-03-31 11:42:27.655 UTC: 	 Found CMSSW_10_6_29 for slc7_amd64_gcc820 with base /afs/cern.ch/work/y/yian/work/GZ/CMSSW_10_6_29
DEBUG 2022-03-31 11:42:27.655 UTC: 	 UNIQUE NAME: tarUUID 854fa0e0-ab85-4bfc-83e3-c7fda684ba22 
DEBUG 2022-03-31 11:42:27.655 UTC: 	 self.config: from WMCore.Configuration import Configuration
config = Configuration()
config.section_('General')
config.General.workArea = 'crab2016'
config.General.transferLogs = False
config.General.requestName = 'WGToLNuG_01J_5f_TuneCP5_13TeV-amcatnloFXFX-pythia8_2016'
config.section_('JobType')
config.JobType.scriptArgs = ['isdata=MC', 'year=2016', 'era=G']
config.JobType.scriptExe = './WWG_crab_script.sh'
config.JobType.pluginName = 'Analysis'
config.JobType.sendPythonFolder = True
config.JobType.allowUndistributedCMSSW = True
config.JobType.psetName = 'PSet.py'
config.JobType.inputFiles = ['../../../scripts/haddnano.py', '../WWG_selector/WWG_postproc.py', '../WWG_selector/WWG_Module.py', '../WWG_selector/WWG_keep_and_drop.txt', '../WWG_selector/WWG_output_branch.txt', '../WWG_selector/DAS_filesearch.py']
config.section_('Data')
config.Data.inputDataset = '/WGToLNuG_01J_5f_TuneCP5_13TeV-amcatnloFXFX-pythia8/RunIISummer20UL16NanoAODv9-106X_mcRun2_asymptotic_v17-v1/NANOAODSIM'
config.Data.allowNonValidInputDataset = True
config.Data.publication = False
config.Data.unitsPerJob = 1
config.Data.ignoreLocality = True
config.Data.inputDBS = 'global'
config.Data.splitting = 'FileBased'
config.Data.outputDatasetTag = 'WGToLNuG_01J_5f_TuneCP5_13TeV-amcatnloFXFX-pythia8_2016'
config.section_('Site')
config.Site.whitelist = ['T2_US_MIT', 'T2_US_Wisconsin', 'T2_US_Purdue', 'T2_US_UCSD', 'T2_US_Caltech', 'T2_US_Nebraska']
config.Site.storageSite = 'T3_CH_CERNBOX'

DEBUG 2022-03-31 11:42:27.655 UTC: 	 self.config.JobType.psetName: PSet.py
INFO 2022-03-31 11:42:27.656 UTC: 	 Importing CMSSW configuration PSet.py
INFO 2022-03-31 11:42:27.956 UTC: 	 Finished importing CMSSW configuration PSet.py
DEBUG 2022-03-31 11:42:27.956 UTC: 	 Writing CMSSW configuration to /afs/cern.ch/work/y/yian/work/GZ/CMSSW_10_6_29/src/PhysicsTools/NanoAODTools/WWG/2016post/crab/crab2016/crab_WGToLNuG_01J_5f_TuneCP5_13TeV-amcatnloFXFX-pythia8_2016/inputs/PSet.py
DEBUG 2022-03-31 11:42:27.996 UTC: 	 The following EDM output files will be collected: ['tree.root']
DEBUG 2022-03-31 11:42:27.996 UTC: 	 The following TFile output files will be collected: []
DEBUG 2022-03-31 11:42:27.996 UTC: 	 The following user output files (not listed as PoolOuputModule or TFileService in the CMSSW PSet) will be collected: 
DEBUG 2022-03-31 11:42:27.996 UTC: 	 Loading required information from the environment
DEBUG 2022-03-31 11:42:27.996 UTC: 	 Found CMSSW_10_6_29 for slc7_amd64_gcc820 with base /afs/cern.ch/work/y/yian/work/GZ/CMSSW_10_6_29
DEBUG 2022-03-31 11:42:27.996 UTC: 	 Making tarball in /afs/cern.ch/work/y/yian/work/GZ/CMSSW_10_6_29/src/PhysicsTools/NanoAODTools/WWG/2016post/crab/crab2016/crab_WGToLNuG_01J_5f_TuneCP5_13TeV-amcatnloFXFX-pythia8_2016/inputs/854fa0e0-ab85-4bfc-83e3-c7fda684ba22default.tgz
DEBUG 2022-03-31 11:42:28.001 UTC: 	 Checking directory /afs/cern.ch/work/y/yian/work/GZ/CMSSW_10_6_29/lib
DEBUG 2022-03-31 11:42:28.002 UTC: 	 Adding directory /afs/cern.ch/work/y/yian/work/GZ/CMSSW_10_6_29/lib to tarball
DEBUG 2022-03-31 11:42:28.128 UTC: 	 Checking directory /afs/cern.ch/work/y/yian/work/GZ/CMSSW_10_6_29/biglib
DEBUG 2022-03-31 11:42:28.128 UTC: 	 Adding directory /afs/cern.ch/work/y/yian/work/GZ/CMSSW_10_6_29/biglib to tarball
DEBUG 2022-03-31 11:42:28.137 UTC: 	 Checking directory /afs/cern.ch/work/y/yian/work/GZ/CMSSW_10_6_29/module
DEBUG 2022-03-31 11:42:28.147 UTC: 	 Checking directory /afs/cern.ch/work/y/yian/work/GZ/CMSSW_10_6_29/python
DEBUG 2022-03-31 11:42:28.148 UTC: 	 Adding directory /afs/cern.ch/work/y/yian/work/GZ/CMSSW_10_6_29/python to tarball
DEBUG 2022-03-31 11:42:30.867 UTC: 	 Checking directory /afs/cern.ch/work/y/yian/work/GZ/CMSSW_10_6_29/cfipython
DEBUG 2022-03-31 11:42:30.867 UTC: 	 Adding directory /afs/cern.ch/work/y/yian/work/GZ/CMSSW_10_6_29/cfipython to tarball
DEBUG 2022-03-31 11:42:31.127 UTC: 	 Adding data directory /afs/cern.ch/work/y/yian/work/GZ/CMSSW_10_6_29/src/PhysicsTools/NanoAODTools/data to tarball
DEBUG 2022-03-31 11:42:49.949 UTC: 	 Adding data directory /afs/cern.ch/work/y/yian/work/GZ/CMSSW_10_6_29/src/PhysicsTools/NanoAODTools/interface to tarball
DEBUG 2022-03-31 11:42:49.954 UTC: 	 Adding data directory /afs/cern.ch/work/y/yian/work/GZ/CMSSW_10_6_29/src/PhysicsTools/NanoAODTools/python/postprocessing/data to tarball
DEBUG 2022-03-31 11:42:58.915 UTC: 	 Adding file ../../../scripts/haddnano.py to tarball
DEBUG 2022-03-31 11:42:58.916 UTC: 	 Adding file ../WWG_selector/WWG_postproc.py to tarball
DEBUG 2022-03-31 11:42:58.916 UTC: 	 Adding file ../WWG_selector/WWG_Module.py to tarball
DEBUG 2022-03-31 11:42:58.917 UTC: 	 Adding file ../WWG_selector/WWG_keep_and_drop.txt to tarball
DEBUG 2022-03-31 11:42:58.917 UTC: 	 Adding file ../WWG_selector/WWG_output_branch.txt to tarball
DEBUG 2022-03-31 11:42:58.918 UTC: 	 Adding file ../WWG_selector/DAS_filesearch.py to tarball
DEBUG 2022-03-31 11:43:11.262 UTC: 	 Uploading archive /afs/cern.ch/work/y/yian/work/GZ/CMSSW_10_6_29/src/PhysicsTools/NanoAODTools/WWG/2016post/crab/crab2016/crab_WGToLNuG_01J_5f_TuneCP5_13TeV-amcatnloFXFX-pythia8_2016/inputs/854fa0e0-ab85-4bfc-83e3-c7fda684ba22default.tgz (80 MB) to the CRAB cache. Using URI https://cmsweb.cern.ch/S3/crabcache_prod
DEBUG 2022-03-31 11:43:32.555 UTC: 	 Encoded data for curl request: tarballname=a8aa3f14f87b64bc9573429ba176e3b627a8315511df261d60ced0a5dc7af9c0.tar.gz&subresource=upload&objecttype=sandbox
DEBUG 2022-03-31 11:43:32.588 UTC: 	 Executing command :
 curl -v -X GET -H "User-Agent: CRABClient/v3.220210" -H "Accept: */*" --data @/tmp/crab_curlData9kRuRA --cert "/tmp/x509up_u110046" --key "/tmp/x509up_u110046" --capath "/etc/grid-security/certificates/" "https://cmsweb.cern.ch:8443/crabserver/prod/cache?tarballname=a8aa3f14f87b64bc9573429ba176e3b627a8315511df261d60ced0a5dc7af9c0.tar.gz&subresource=upload&objecttype=sandbox" | tee /dev/stderr 
DEBUG 2022-03-31 11:43:32.910 UTC: 	 output : {"result": [
 ""
,{}
]}

 error:   % Total    % Received % Xferd  Average Speed   Time    Time     Time  Current
                                 Dload  Upload   Total   Spent    Left  Speed
  0     0    0     0    0     0      0      0 --:--:-- --:--:-- --:--:--     0*   Trying 188.185.101.116...
* TCP_NODELAY set
* Connected to cmsweb.cern.ch (188.185.101.116) port 8443 (#0)
* ALPN, offering http/1.1
* Cipher selection: ALL:!EXPORT:!EXPORT40:!EXPORT56:!aNULL:!LOW:!RC4:@STRENGTH
* successfully set certificate verify locations:
  CAfile: /etc/pki/tls/certs/ca-bundle.crt
  CApath: /etc/grid-security/certificates/
* TLSv1.2 (OUT), TLS header, Certificate Status (22):
} [5 bytes data]
* TLSv1.2 (OUT), TLS handshake, Client hello (1):
} [512 bytes data]
* TLSv1.2 (IN), TLS handshake, Server hello (2):
{ [109 bytes data]
* TLSv1.2 (IN), TLS handshake, Certificate (11):
{ [6199 bytes data]
* TLSv1.2 (IN), TLS handshake, Server key exchange (12):
{ [333 bytes data]
* TLSv1.2 (IN), TLS handshake, Request CERT (13):
{ [13495 bytes data]
* TLSv1.2 (IN), TLS handshake, Server finished (14):
{ [4 bytes data]
* TLSv1.2 (OUT), TLS handshake, Certificate (11):
} [6129 bytes data]
* TLSv1.2 (OUT), TLS handshake, Client key exchange (16):
} [70 bytes data]
* TLSv1.2 (OUT), TLS handshake, CERT verify (15):
} [264 bytes data]
* TLSv1.2 (OUT), TLS change cipher, Client hello (1):
} [1 bytes data]
* TLSv1.2 (OUT), TLS handshake, Finished (20):
} [16 bytes data]
* TLSv1.2 (IN), TLS change cipher, Client hello (1):
{ [1 bytes data]
* TLSv1.2 (IN), TLS handshake, Finished (20):
{ [16 bytes data]
* SSL connection using TLSv1.2 / ECDHE-RSA-AES128-GCM-SHA256
* ALPN, server accepted to use http/1.1
* Server certificate:
*  subject: DC=ch; DC=cern; OU=computers; CN=cmsweb.cern.ch
*  start date: Feb 17 13:05:12 2022 GMT
*  expire date: Mar 24 13:05:12 2023 GMT
*  subjectAltName: host "cmsweb.cern.ch" matched cert's "cmsweb.cern.ch"
*  issuer: DC=ch; DC=cern; CN=CERN Grid Certification Authority
*  SSL certificate verify ok.
} [5 bytes data]
> GET /crabserver/prod/cache?tarballname=a8aa3f14f87b64bc9573429ba176e3b627a8315511df261d60ced0a5dc7af9c0.tar.gz&subresource=upload&objecttype=sandbox HTTP/1.1
> Host: cmsweb.cern.ch:8443
> User-Agent: CRABClient/v3.220210
> Accept: */*
> Content-Length: 121
> Content-Type: application/x-www-form-urlencoded
> 
} [121 bytes data]
* upload completely sent off: 121 out of 121 bytes
{ [5 bytes data]
< HTTP/1.1 200 OK
< Date: Thu, 31 Mar 2022 11:43:32 GMT
< Server: CherryPy/17.4.0
< Content-Type: application/json
< Vary: Accept
< Cache-Control: max-age=3600
< X-Rest-Status: 100
< Etag: "556ce43763b116622238c65d89d24dd485f20666"
< Content-Length: 24
< X-Rest-Time: 8834.362 us
< CMS-Server-Time: D=57801 t=1648727012844306
< 
{ [5 bytes data]
100   145  100    24  100   121    190    960 --:--:-- --:--:-- --:--:--  1150
* Connection #0 to host cmsweb.cern.ch left intact
{"result": [
 ""
,{}
]}

 retcode : 0
DEBUG 2022-03-31 11:43:32.910 UTC: 	 sandbox a8aa3f14f87b64bc9573429ba176e3b627a8315511df261d60ced0a5dc7af9c0.tar.gz is already in the S3 store, will not upload again
DEBUG 2022-03-31 11:43:32.911 UTC: 	 Loading required information from the environment
DEBUG 2022-03-31 11:43:32.911 UTC: 	 Found CMSSW_10_6_29 for slc7_amd64_gcc820 with base /afs/cern.ch/work/y/yian/work/GZ/CMSSW_10_6_29
DEBUG 2022-03-31 11:43:32.911 UTC: 	 Making tarball in /afs/cern.ch/work/y/yian/work/GZ/CMSSW_10_6_29/src/PhysicsTools/NanoAODTools/WWG/2016post/crab/crab2016/crab_WGToLNuG_01J_5f_TuneCP5_13TeV-amcatnloFXFX-pythia8_2016/inputs/debugFiles.tgz
DEBUG 2022-03-31 11:43:32.937 UTC: 	 Uploading archive /afs/cern.ch/work/y/yian/work/GZ/CMSSW_10_6_29/src/PhysicsTools/NanoAODTools/WWG/2016post/crab/crab2016/crab_WGToLNuG_01J_5f_TuneCP5_13TeV-amcatnloFXFX-pythia8_2016/inputs/debugFiles.tgz (1 KB) to the CRAB cache. Using URI https://cmsweb.cern.ch/S3/crabcache_prod
DEBUG 2022-03-31 11:43:32.940 UTC: 	 Encoded data for curl request: tarballname=209a80ba3c3dbc0f643519164c667461c4a162f41456f2b41b80928099044f0b.tar.gz&subresource=upload&objecttype=sandbox
DEBUG 2022-03-31 11:43:32.940 UTC: 	 Executing command :
 curl -v -X GET -H "User-Agent: CRABClient/v3.220210" -H "Accept: */*" --data @/tmp/crab_curlDataUJE7LH --cert "/tmp/x509up_u110046" --key "/tmp/x509up_u110046" --capath "/etc/grid-security/certificates/" "https://cmsweb.cern.ch:8443/crabserver/prod/cache?tarballname=209a80ba3c3dbc0f643519164c667461c4a162f41456f2b41b80928099044f0b.tar.gz&subresource=upload&objecttype=sandbox" | tee /dev/stderr 
DEBUG 2022-03-31 11:43:33.051 UTC: 	 output : {"result": [
 "https://s3.cern.ch/crabcache_prod"
,{"key": "yian/sandboxes/209a80ba3c3dbc0f643519164c667461c4a162f41456f2b41b80928099044f0b.tar.gz", "AWSAccessKeyId": "ab00fcc889f248c495d2875f15a3badb", "policy": "eyJleHBpcmF0aW9uIjogIjIwMjItMDMtMzFUMTI6NDM6MzNaIiwgImNvbmRpdGlvbnMiOiBbeyJidWNrZXQiOiAiY3JhYmNhY2hlX3Byb2QifSwgeyJrZXkiOiAieWlhbi9zYW5kYm94ZXMvMjA5YTgwYmEzYzNkYmMwZjY0MzUxOTE2NGM2Njc0NjFjNGExNjJmNDE0NTZmMmI0MWI4MDkyODA5OTA0NGYwYi50YXIuZ3oifV19", "signature": "p8CsoJRB2MNO0o9kPXckDCoS2fg="}
]}

 error:   % Total    % Received % Xferd  Average Speed   Time    Time     Time  Current
                                 Dload  Upload   Total   Spent    Left  Speed
  0     0    0     0    0     0      0      0 --:--:-- --:--:-- --:--:--     0*   Trying 188.185.101.116...
* TCP_NODELAY set
* Connected to cmsweb.cern.ch (188.185.101.116) port 8443 (#0)
* ALPN, offering http/1.1
* Cipher selection: ALL:!EXPORT:!EXPORT40:!EXPORT56:!aNULL:!LOW:!RC4:@STRENGTH
* successfully set certificate verify locations:
  CAfile: /etc/pki/tls/certs/ca-bundle.crt
  CApath: /etc/grid-security/certificates/
* TLSv1.2 (OUT), TLS header, Certificate Status (22):
} [5 bytes data]
* TLSv1.2 (OUT), TLS handshake, Client hello (1):
} [512 bytes data]
* TLSv1.2 (IN), TLS handshake, Server hello (2):
{ [109 bytes data]
* TLSv1.2 (IN), TLS handshake, Certificate (11):
{ [6199 bytes data]
* TLSv1.2 (IN), TLS handshake, Server key exchange (12):
{ [333 bytes data]
* TLSv1.2 (IN), TLS handshake, Request CERT (13):
{ [13495 bytes data]
* TLSv1.2 (IN), TLS handshake, Server finished (14):
{ [4 bytes data]
* TLSv1.2 (OUT), TLS handshake, Certificate (11):
} [6129 bytes data]
* TLSv1.2 (OUT), TLS handshake, Client key exchange (16):
} [70 bytes data]
* TLSv1.2 (OUT), TLS handshake, CERT verify (15):
} [264 bytes data]
* TLSv1.2 (OUT), TLS change cipher, Client hello (1):
} [1 bytes data]
* TLSv1.2 (OUT), TLS handshake, Finished (20):
} [16 bytes data]
* TLSv1.2 (IN), TLS change cipher, Client hello (1):
{ [1 bytes data]
* TLSv1.2 (IN), TLS handshake, Finished (20):
{ [16 bytes data]
* SSL connection using TLSv1.2 / ECDHE-RSA-AES128-GCM-SHA256
* ALPN, server accepted to use http/1.1
* Server certificate:
*  subject: DC=ch; DC=cern; OU=computers; CN=cmsweb.cern.ch
*  start date: Feb 17 13:05:12 2022 GMT
*  expire date: Mar 24 13:05:12 2023 GMT
*  subjectAltName: host "cmsweb.cern.ch" matched cert's "cmsweb.cern.ch"
*  issuer: DC=ch; DC=cern; CN=CERN Grid Certification Authority
*  SSL certificate verify ok.
} [5 bytes data]
> GET /crabserver/prod/cache?tarballname=209a80ba3c3dbc0f643519164c667461c4a162f41456f2b41b80928099044f0b.tar.gz&subresource=upload&objecttype=sandbox HTTP/1.1
> Host: cmsweb.cern.ch:8443
> User-Agent: CRABClient/v3.220210
> Accept: */*
> Content-Length: 121
> Content-Type: application/x-www-form-urlencoded
> 
} [121 bytes data]
* upload completely sent off: 121 out of 121 bytes
{ [5 bytes data]
< HTTP/1.1 200 OK
< Date: Thu, 31 Mar 2022 11:43:33 GMT
< Server: CherryPy/17.4.0
< Content-Type: application/json
< Vary: Accept
< Cache-Control: max-age=3600
< X-Rest-Status: 100
< Etag: "1b02655b7f9eb2eaa72fdbbd914d98060d7371a3"
< Content-Length: 509
< X-Rest-Time: 12806.416 us
< CMS-Server-Time: D=18298 t=1648727013028550
< 
{ [5 bytes data]
100   630  100   509  100   121   7953   1890 --:--:-- --:--:-- --:--:--  9843
* Connection #0 to host cmsweb.cern.ch left intact
{"result": [
 "https://s3.cern.ch/crabcache_prod"
,{"key": "yian/sandboxes/209a80ba3c3dbc0f643519164c667461c4a162f41456f2b41b80928099044f0b.tar.gz", "AWSAccessKeyId": "ab00fcc889f248c495d2875f15a3badb", "policy": "eyJleHBpcmF0aW9uIjogIjIwMjItMDMtMzFUMTI6NDM6MzNaIiwgImNvbmRpdGlvbnMiOiBbeyJidWNrZXQiOiAiY3JhYmNhY2hlX3Byb2QifSwgeyJrZXkiOiAieWlhbi9zYW5kYm94ZXMvMjA5YTgwYmEzYzNkYmMwZjY0MzUxOTE2NGM2Njc0NjFjNGExNjJmNDE0NTZmMmI0MWI4MDkyODA5OTA0NGYwYi50YXIuZ3oifV19", "signature": "p8CsoJRB2MNO0o9kPXckDCoS2fg="}
]}

 retcode : 0
DEBUG 2022-03-31 11:43:33.052 UTC: 	 Will execute:
curl -f -v -X POST  -H "User-Agent: CRAB" -F "key=yian/sandboxes/209a80ba3c3dbc0f643519164c667461c4a162f41456f2b41b80928099044f0b.tar.gz" -F "AWSAccessKeyId=ab00fcc889f248c495d2875f15a3badb" -F "policy=eyJleHBpcmF0aW9uIjogIjIwMjItMDMtMzFUMTI6NDM6MzNaIiwgImNvbmRpdGlvbnMiOiBbeyJidWNrZXQiOiAiY3JhYmNhY2hlX3Byb2QifSwgeyJrZXkiOiAieWlhbi9zYW5kYm94ZXMvMjA5YTgwYmEzYzNkYmMwZjY0MzUxOTE2NGM2Njc0NjFjNGExNjJmNDE0NTZmMmI0MWI4MDkyODA5OTA0NGYwYi50YXIuZ3oifV19" -F "signature=p8CsoJRB2MNO0o9kPXckDCoS2fg=" -F "file=@/afs/cern.ch/work/y/yian/work/GZ/CMSSW_10_6_29/src/PhysicsTools/NanoAODTools/WWG/2016post/crab/crab2016/crab_WGToLNuG_01J_5f_TuneCP5_13TeV-amcatnloFXFX-pythia8_2016/inputs/debugFiles.tgz" "https://s3.cern.ch/crabcache_prod"
DEBUG 2022-03-31 11:43:34.130 UTC: 	 exitcode: 0
stdout: 
DEBUG 2022-03-31 11:43:34.131 UTC: 	 sandbox /afs/cern.ch/work/y/yian/work/GZ/CMSSW_10_6_29/src/PhysicsTools/NanoAODTools/WWG/2016post/crab/crab2016/crab_WGToLNuG_01J_5f_TuneCP5_13TeV-amcatnloFXFX-pythia8_2016/inputs/debugFiles.tgz successully uploaded to S3
DEBUG 2022-03-31 11:43:34.131 UTC: 	 Result uploading input files: a8aa3f14f87b64bc9573429ba176e3b627a8315511df261d60ced0a5dc7af9c0.tar.gz 
INFO 2022-03-31 11:43:34.132 UTC: 	 Sending the request to the server at cmsweb.cern.ch
DEBUG 2022-03-31 11:43:34.132 UTC: 	 Submitting {'maxjobruntime': 1250, 'extrajdl': [], 'ignorelocality': 1, 'savelogsflag': 0, 'useparent': 0, 'scriptexe': 'WWG_crab_script.sh', 'asyncdest': 'T3_CH_CERNBOX', 'algoargs': 1, 'cachefilename': 'a8aa3f14f87b64bc9573429ba176e3b627a8315511df261d60ced0a5dc7af9c0.tar.gz', 'numcores': 1, 'addoutputfiles': [], 'generator': 'pythia', 'maxmemory': 2000, 'publishdbsurl': 'https://cmsweb.cern.ch/dbs/prod/phys03/DBSWriter', 'priority': 10, 'jobsw': 'CMSSW_10_6_29', 'edmoutfiles': ['tree.root'], 'userfiles': [], 'primarydataset': '', 'inputdata': '/WGToLNuG_01J_5f_TuneCP5_13TeV-amcatnloFXFX-pythia8/RunIISummer20UL16NanoAODv9-106X_mcRun2_asymptotic_v17-v1/NANOAODSIM', 'dryrun': 0, 'workflow': 'crab_WGToLNuG_01J_5f_TuneCP5_13TeV-amcatnloFXFX-pythia8_2016', 'scriptargs': ['isdata=MC', 'year=2016', 'era=G'], 'sitewhitelist': ['T2_US_MIT', 'T2_US_Wisconsin', 'T2_US_Purdue', 'T2_US_UCSD', 'T2_US_Caltech', 'T2_US_Nebraska'], 'nonprodsw': 1, 'tfileoutfiles': [], 'oneEventMode': 0, 'debugfilename': '209a80ba3c3dbc0f643519164c667461c4a162f41456f2b41b80928099044f0b.tar.gz', 'cacheurl': u'https://cmsweb.cern.ch/S3/crabcache_prod', 'saveoutput': 1, 'publication': 0, 'jobarch': 'slc7_amd64_gcc820', 'totalunits': 0, 'splitalgo': 'FileBased', 'ignoreglobalblacklist': 0, 'nonvaliddata': 1, 'dbsurl': 'https://cmsweb.cern.ch/dbs/prod/global/DBSReader', 'publishgroupname': 0, 'publishname2': 'WGToLNuG_01J_5f_TuneCP5_13TeV-amcatnloFXFX-pythia8_2016', 'jobtype': 'Analysis'} 
DEBUG 2022-03-31 11:43:34.132 UTC: 	 Encoded submit request: maxjobruntime=1250&ignorelocality=1&savelogsflag=0&useparent=0&scriptexe=WWG_crab_script.sh&asyncdest=T3_CH_CERNBOX&algoargs=1&cachefilename=a8aa3f14f87b64bc9573429ba176e3b627a8315511df261d60ced0a5dc7af9c0.tar.gz&numcores=1&generator=pythia&maxmemory=2000&publishdbsurl=https%3A%2F%2Fcmsweb.cern.ch%2Fdbs%2Fprod%2Fphys03%2FDBSWriter&priority=10&jobsw=CMSSW_10_6_29&primarydataset=&inputdata=%2FWGToLNuG_01J_5f_TuneCP5_13TeV-amcatnloFXFX-pythia8%2FRunIISummer20UL16NanoAODv9-106X_mcRun2_asymptotic_v17-v1%2FNANOAODSIM&dryrun=0&workflow=crab_WGToLNuG_01J_5f_TuneCP5_13TeV-amcatnloFXFX-pythia8_2016&nonprodsw=1&oneEventMode=0&debugfilename=209a80ba3c3dbc0f643519164c667461c4a162f41456f2b41b80928099044f0b.tar.gz&cacheurl=https%3A%2F%2Fcmsweb.cern.ch%2FS3%2Fcrabcache_prod&saveoutput=1&publication=0&jobarch=slc7_amd64_gcc820&totalunits=0&splitalgo=FileBased&ignoreglobalblacklist=0&nonvaliddata=1&dbsurl=https%3A%2F%2Fcmsweb.cern.ch%2Fdbs%2Fprod%2Fglobal%2FDBSReader&publishgroupname=0&publishname2=WGToLNuG_01J_5f_TuneCP5_13TeV-amcatnloFXFX-pythia8_2016&jobtype=Analysis&sitewhitelist=T2_US_MIT&sitewhitelist=T2_US_Wisconsin&sitewhitelist=T2_US_Purdue&sitewhitelist=T2_US_UCSD&sitewhitelist=T2_US_Caltech&sitewhitelist=T2_US_Nebraska&edmoutfiles=tree.root&scriptargs=isdata%3DMC&scriptargs=year%3D2016&scriptargs=era%3DG
DEBUG 2022-03-31 11:43:34.132 UTC: 	 Encoded data for curl request: maxjobruntime=1250&ignorelocality=1&savelogsflag=0&useparent=0&scriptexe=WWG_crab_script.sh&asyncdest=T3_CH_CERNBOX&algoargs=1&cachefilename=a8aa3f14f87b64bc9573429ba176e3b627a8315511df261d60ced0a5dc7af9c0.tar.gz&numcores=1&generator=pythia&maxmemory=2000&publishdbsurl=https%3A%2F%2Fcmsweb.cern.ch%2Fdbs%2Fprod%2Fphys03%2FDBSWriter&priority=10&jobsw=CMSSW_10_6_29&primarydataset=&inputdata=%2FWGToLNuG_01J_5f_TuneCP5_13TeV-amcatnloFXFX-pythia8%2FRunIISummer20UL16NanoAODv9-106X_mcRun2_asymptotic_v17-v1%2FNANOAODSIM&dryrun=0&workflow=crab_WGToLNuG_01J_5f_TuneCP5_13TeV-amcatnloFXFX-pythia8_2016&nonprodsw=1&oneEventMode=0&debugfilename=209a80ba3c3dbc0f643519164c667461c4a162f41456f2b41b80928099044f0b.tar.gz&cacheurl=https%3A%2F%2Fcmsweb.cern.ch%2FS3%2Fcrabcache_prod&saveoutput=1&publication=0&jobarch=slc7_amd64_gcc820&totalunits=0&splitalgo=FileBased&ignoreglobalblacklist=0&nonvaliddata=1&dbsurl=https%3A%2F%2Fcmsweb.cern.ch%2Fdbs%2Fprod%2Fglobal%2FDBSReader&publishgroupname=0&publishname2=WGToLNuG_01J_5f_TuneCP5_13TeV-amcatnloFXFX-pythia8_2016&jobtype=Analysis&sitewhitelist=T2_US_MIT&sitewhitelist=T2_US_Wisconsin&sitewhitelist=T2_US_Purdue&sitewhitelist=T2_US_UCSD&sitewhitelist=T2_US_Caltech&sitewhitelist=T2_US_Nebraska&edmoutfiles=tree.root&scriptargs=isdata%3DMC&scriptargs=year%3D2016&scriptargs=era%3DG
DEBUG 2022-03-31 11:43:34.133 UTC: 	 Executing command :
 curl -v -X PUT -H "User-Agent: CRABClient/v3.220210" -H "Accept: */*" --data @/tmp/crab_curlDataQDWCPE --cert "/tmp/x509up_u110046" --key "/tmp/x509up_u110046" --capath "/etc/grid-security/certificates/" "https://cmsweb.cern.ch:8443/crabserver/prod/workflow" | tee /dev/stderr 
DEBUG 2022-03-31 11:43:34.221 UTC: 	 output : {"result": [
 {"RequestName": "220331_114334:yian_crab_WGToLNuG_01J_5f_TuneCP5_13TeV-amcatnloFXFX-pythia8_2016"}
]}

 error:   % Total    % Received % Xferd  Average Speed   Time    Time     Time  Current
                                 Dload  Upload   Total   Spent    Left  Speed
  0     0    0     0    0     0      0      0 --:--:-- --:--:-- --:--:--     0*   Trying 188.185.101.116...
* TCP_NODELAY set
* Connected to cmsweb.cern.ch (188.185.101.116) port 8443 (#0)
* ALPN, offering http/1.1
* Cipher selection: ALL:!EXPORT:!EXPORT40:!EXPORT56:!aNULL:!LOW:!RC4:@STRENGTH
* successfully set certificate verify locations:
  CAfile: /etc/pki/tls/certs/ca-bundle.crt
  CApath: /etc/grid-security/certificates/
* TLSv1.2 (OUT), TLS header, Certificate Status (22):
} [5 bytes data]
* TLSv1.2 (OUT), TLS handshake, Client hello (1):
} [512 bytes data]
* TLSv1.2 (IN), TLS handshake, Server hello (2):
{ [109 bytes data]
* TLSv1.2 (IN), TLS handshake, Certificate (11):
{ [6199 bytes data]
* TLSv1.2 (IN), TLS handshake, Server key exchange (12):
{ [333 bytes data]
* TLSv1.2 (IN), TLS handshake, Request CERT (13):
{ [13495 bytes data]
* TLSv1.2 (IN), TLS handshake, Server finished (14):
{ [4 bytes data]
* TLSv1.2 (OUT), TLS handshake, Certificate (11):
} [6129 bytes data]
* TLSv1.2 (OUT), TLS handshake, Client key exchange (16):
} [70 bytes data]
* TLSv1.2 (OUT), TLS handshake, CERT verify (15):
} [264 bytes data]
* TLSv1.2 (OUT), TLS change cipher, Client hello (1):
} [1 bytes data]
* TLSv1.2 (OUT), TLS handshake, Finished (20):
} [16 bytes data]
* TLSv1.2 (IN), TLS change cipher, Client hello (1):
{ [1 bytes data]
* TLSv1.2 (IN), TLS handshake, Finished (20):
{ [16 bytes data]
* SSL connection using TLSv1.2 / ECDHE-RSA-AES128-GCM-SHA256
* ALPN, server accepted to use http/1.1
* Server certificate:
*  subject: DC=ch; DC=cern; OU=computers; CN=cmsweb.cern.ch
*  start date: Feb 17 13:05:12 2022 GMT
*  expire date: Mar 24 13:05:12 2023 GMT
*  subjectAltName: host "cmsweb.cern.ch" matched cert's "cmsweb.cern.ch"
*  issuer: DC=ch; DC=cern; CN=CERN Grid Certification Authority
*  SSL certificate verify ok.
} [5 bytes data]
> PUT /crabserver/prod/workflow HTTP/1.1
> Host: cmsweb.cern.ch:8443
> User-Agent: CRABClient/v3.220210
> Accept: */*
> Content-Length: 1318
> Content-Type: application/x-www-form-urlencoded
> Expect: 100-continue
> 
{ [5 bytes data]
< HTTP/1.1 100 Continue
} [5 bytes data]
* We are completely uploaded and fine
{ [5 bytes data]
< HTTP/1.1 200 OK
< Date: Thu, 31 Mar 2022 11:43:34 GMT
< Server: CherryPy/17.4.0
< Content-Type: application/json
< Vary: Accept
< X-Rest-Status: 100
< Etag: "b6823d024196783a833055fd8a28c998a427fc3e"
< Content-Length: 116
< X-Rest-Time: 18494.844 us
< CMS-Server-Time: D=25459 t=1648727014191131
< 
{ [5 bytes data]
100  1434  100   116  100  1318   1966  22338 --:--:-- --:--:-- --:--:-- 24305
* Connection #0 to host cmsweb.cern.ch left intact
{"result": [
 {"RequestName": "220331_114334:yian_crab_WGToLNuG_01J_5f_TuneCP5_13TeV-amcatnloFXFX-pythia8_2016"}
]}

 retcode : 0
DEBUG 2022-03-31 11:43:34.222 UTC: 	 Result: {u'result': [{u'RequestName': u'220331_114334:yian_crab_WGToLNuG_01J_5f_TuneCP5_13TeV-amcatnloFXFX-pythia8_2016'}]}
INFO 2022-03-31 11:43:34.255 UTC: 	 Success: Your task has been delivered to the prod CRAB3 server.
INFO 2022-03-31 11:43:34.255 UTC: 	 Task name: 220331_114334:yian_crab_WGToLNuG_01J_5f_TuneCP5_13TeV-amcatnloFXFX-pythia8_2016
INFO 2022-03-31 11:43:34.255 UTC: 	 Project dir: crab2016/crab_WGToLNuG_01J_5f_TuneCP5_13TeV-amcatnloFXFX-pythia8_2016
INFO 2022-03-31 11:43:34.255 UTC: 	 Please use ' crab status -d crab2016/crab_WGToLNuG_01J_5f_TuneCP5_13TeV-amcatnloFXFX-pythia8_2016 ' to check how the submission process proceeds.
DEBUG 2022-03-31 11:43:34.255 UTC: 	 About to return
INFO 2022-03-31 11:43:34.260 UTC: 	 Log file is /afs/cern.ch/work/y/yian/work/GZ/CMSSW_10_6_29/src/PhysicsTools/NanoAODTools/WWG/2016post/crab/crab2016/crab_WGToLNuG_01J_5f_TuneCP5_13TeV-amcatnloFXFX-pythia8_2016/crab.log
DEBUG 2022-03-31 14:20:07.019 UTC: 	 CRAB Client version: v3.220210
DEBUG 2022-03-31 14:20:07.019 UTC: 	 Running on: Linux lxplus782.cern.ch 3.10.0-1160.59.1.el7.x86_64 #1 SMP Wed Feb 23 16:47:03 UTC 2022 x86_64 x86_64 x86_64 GNU/Linux - CentOS Linux 7 (Core)
DEBUG 2022-03-31 14:20:07.019 UTC: 	 Executing command: 'kill'
DEBUG 2022-03-31 14:20:07.019 UTC: 	 Found CRAB cache file /afs/cern.ch/user/y/yian/.crab3
DEBUG 2022-03-31 14:20:07.148 UTC: 	 Checking credentials
DEBUG 2022-03-31 14:20:07.148 UTC: 	 Found proxy file /tmp/x509up_u110046
DEBUG 2022-03-31 14:20:07.148 UTC: 	 Making sure it has proper VOMS extension
DEBUG 2022-03-31 14:20:07.148 UTC: 	 Executing command :
 voms-proxy-info --vo --file /tmp/x509up_u110046
DEBUG 2022-03-31 14:20:07.996 UTC: 	 output : cms

 error: 
 retcode : 0
DEBUG 2022-03-31 14:20:07.997 UTC: 	 Getting proxy life time left
DEBUG 2022-03-31 14:20:07.997 UTC: 	 Executing command :
 voms-proxy-info --actimeleft --timeleft --file /tmp/x509up_u110046
DEBUG 2022-03-31 14:20:08.808 UTC: 	 output : 594321
594321

 error: 
 retcode : 0
DEBUG 2022-03-31 14:20:08.808 UTC: 	 Proxy valid for 165:05:21 hours
DEBUG 2022-03-31 14:20:08.913 UTC: 	 Encoded data for curl request: subresource=delegatedn
DEBUG 2022-03-31 14:20:08.930 UTC: 	 Executing command :
 curl -v -X GET -H "User-Agent: CRABClient/v3.220210" -H "Accept: */*" --data @/tmp/crab_curlDatapX5ATN --cert "/tmp/x509up_u110046" --key "/tmp/x509up_u110046" --capath "/etc/grid-security/certificates/" "https://cmsweb.cern.ch:8443/crabserver/prod/info?subresource=delegatedn" | tee /dev/stderr 
DEBUG 2022-03-31 14:20:09.007 UTC: 	 output : {"result": [
 {"services": ["/DC=ch/DC=cern/OU=computers/CN=crab-(preprod|prod|dev)-tw(02|01).cern.ch|/DC=ch/DC=cern/OU=computers/CN=stefanov(m|m2).cern.ch|/DC=ch/DC=cern/OU=computers/CN=dciangot-tw.cern.ch"]}
]}

 error:   % Total    % Received % Xferd  Average Speed   Time    Time     Time  Current
                                 Dload  Upload   Total   Spent    Left  Speed
  0     0    0     0    0     0      0      0 --:--:-- --:--:-- --:--:--     0*   Trying 188.185.89.202...
* TCP_NODELAY set
* Connected to cmsweb.cern.ch (188.185.89.202) port 8443 (#0)
* ALPN, offering http/1.1
* Cipher selection: ALL:!EXPORT:!EXPORT40:!EXPORT56:!aNULL:!LOW:!RC4:@STRENGTH
* successfully set certificate verify locations:
  CAfile: /etc/pki/tls/certs/ca-bundle.crt
  CApath: /etc/grid-security/certificates/
* TLSv1.2 (OUT), TLS header, Certificate Status (22):
} [5 bytes data]
* TLSv1.2 (OUT), TLS handshake, Client hello (1):
} [512 bytes data]
* TLSv1.2 (IN), TLS handshake, Server hello (2):
{ [109 bytes data]
* TLSv1.2 (IN), TLS handshake, Certificate (11):
{ [6199 bytes data]
* TLSv1.2 (IN), TLS handshake, Server key exchange (12):
{ [333 bytes data]
* TLSv1.2 (IN), TLS handshake, Request CERT (13):
{ [13495 bytes data]
* TLSv1.2 (IN), TLS handshake, Server finished (14):
{ [4 bytes data]
* TLSv1.2 (OUT), TLS handshake, Certificate (11):
} [6129 bytes data]
* TLSv1.2 (OUT), TLS handshake, Client key exchange (16):
} [70 bytes data]
* TLSv1.2 (OUT), TLS handshake, CERT verify (15):
} [264 bytes data]
* TLSv1.2 (OUT), TLS change cipher, Client hello (1):
} [1 bytes data]
* TLSv1.2 (OUT), TLS handshake, Finished (20):
} [16 bytes data]
* TLSv1.2 (IN), TLS change cipher, Client hello (1):
{ [1 bytes data]
* TLSv1.2 (IN), TLS handshake, Finished (20):
{ [16 bytes data]
* SSL connection using TLSv1.2 / ECDHE-RSA-AES128-GCM-SHA256
* ALPN, server accepted to use http/1.1
* Server certificate:
*  subject: DC=ch; DC=cern; OU=computers; CN=cmsweb.cern.ch
*  start date: Feb 17 13:05:12 2022 GMT
*  expire date: Mar 24 13:05:12 2023 GMT
*  subjectAltName: host "cmsweb.cern.ch" matched cert's "cmsweb.cern.ch"
*  issuer: DC=ch; DC=cern; CN=CERN Grid Certification Authority
*  SSL certificate verify ok.
} [5 bytes data]
> GET /crabserver/prod/info?subresource=delegatedn HTTP/1.1
> Host: cmsweb.cern.ch:8443
> User-Agent: CRABClient/v3.220210
> Accept: */*
> Content-Length: 22
> Content-Type: application/x-www-form-urlencoded
> 
} [22 bytes data]
* upload completely sent off: 22 out of 22 bytes
{ [5 bytes data]
< HTTP/1.1 200 OK
< Date: Thu, 31 Mar 2022 14:20:08 GMT
< Server: CherryPy/17.4.0
< Content-Type: application/json
< Vary: Accept
< Cache-Control: max-age=3600
< X-Rest-Status: 100
< Etag: "de92dcb56f87dabbe30965e60a433c3f1b873eab"
< Content-Length: 213
< X-Rest-Time: 1722.336 us
< CMS-Server-Time: D=6394 t=1648736408995774
< 
{ [5 bytes data]
100   235  100   213  100    22   5071    523 --:--:-- --:--:-- --:--:--  5595
* Connection #0 to host cmsweb.cern.ch left intact
{"result": [
 {"services": ["/DC=ch/DC=cern/OU=computers/CN=crab-(preprod|prod|dev)-tw(02|01).cern.ch|/DC=ch/DC=cern/OU=computers/CN=stefanov(m|m2).cern.ch|/DC=ch/DC=cern/OU=computers/CN=dciangot-tw.cern.ch"]}
]}

 retcode : 0
DEBUG 2022-03-31 14:20:09.008 UTC: 	 Registering user credentials on myproxy for /DC=ch/DC=cern/OU=computers/CN=crab-(preprod|prod|dev)-tw(02|01).cern.ch|/DC=ch/DC=cern/OU=computers/CN=stefanov(m|m2).cern.ch|/DC=ch/DC=cern/OU=computers/CN=dciangot-tw.cern.ch
DEBUG 2022-03-31 14:20:09.008 UTC: 	 Executing command :
 voms-proxy-info --identity --file /tmp/x509up_u110046
DEBUG 2022-03-31 14:20:09.768 UTC: 	 output : /DC=ch/DC=cern/OU=Organic Units/OU=Users/CN=yian/CN=826694/CN=Ying An

 error: 
 retcode : 0
DEBUG 2022-03-31 14:20:09.769 UTC: 	 Getting myproxy life time left for b52ac606a6f7097e9b4b8f05a3a67cc69f8f291b
DEBUG 2022-03-31 14:20:09.769 UTC: 	 Executing command :
 myproxy-info -s myproxy.cern.ch -l b52ac606a6f7097e9b4b8f05a3a67cc69f8f291b
DEBUG 2022-03-31 14:20:10.142 UTC: 	 output : username: b52ac606a6f7097e9b4b8f05a3a67cc69f8f291b
owner: /DC=ch/DC=cern/OU=Organic Units/OU=Users/CN=yian/CN=826694/CN=Ying An
  renewal policy: /DC=ch/DC=cern/OU=computers/CN=crab-(preprod|prod|dev)-tw(02|01).cern.ch|/DC=ch/DC=cern/OU=computers/CN=stefanov(m|m2).cern.ch|/DC=ch/DC=cern/OU=computers/CN=dciangot-tw.cern.ch
  trusted retrieval policy: /DC=ch/DC=cern/OU=computers/CN=crab-(preprod|prod|dev)-tw(02|01).cern.ch|/DC=ch/DC=cern/OU=computers/CN=stefanov(m|m2).cern.ch|/DC=ch/DC=cern/OU=computers/CN=dciangot-tw.cern.ch
  timeleft: 553:52:32  (23.1 days)

 error: 
 retcode : 0
DEBUG 2022-03-31 14:20:10.142 UTC: 	 Myproxy is valid: 1993920
DEBUG 2022-03-31 14:20:10.142 UTC: 	 Result of myproxy credential check:
  Credential exists on myproxy: username: b52ac606a6f7097e9b4b8f05a3a67cc69f8f291b  - validity: 23 days, 1:52:00
DEBUG 2022-03-31 14:20:10.145 UTC: 	 Command use: kill
DEBUG 2022-03-31 14:20:10.145 UTC: 	 Options use: ['-d', 'crab2016/crab_WGToLNuG_01J_5f_TuneCP5_13TeV-amcatnloFXFX-pythia8_2016']
DEBUG 2022-03-31 14:20:10.145 UTC: 	 Encoded data for curl request: subresource=version
DEBUG 2022-03-31 14:20:10.145 UTC: 	 Executing command :
 curl -v -X GET -H "User-Agent: CRABClient/v3.220210" -H "Accept: */*" --data @/tmp/crab_curlDatajjUvL8 --cert "/tmp/x509up_u110046" --key "/tmp/x509up_u110046" --capath "/etc/grid-security/certificates/" "https://cmsweb.cern.ch:8443/crabserver/prod/info?subresource=version" | tee /dev/stderr 
DEBUG 2022-03-31 14:20:10.232 UTC: 	 output : {"result": [
 ["3.3.19", "3.3.20", "v3", "development", "py3.220218"]
]}

 error:   % Total    % Received % Xferd  Average Speed   Time    Time     Time  Current
                                 Dload  Upload   Total   Spent    Left  Speed
  0     0    0     0    0     0      0      0 --:--:-- --:--:-- --:--:--     0*   Trying 188.185.89.202...
* TCP_NODELAY set
* Connected to cmsweb.cern.ch (188.185.89.202) port 8443 (#0)
* ALPN, offering http/1.1
* Cipher selection: ALL:!EXPORT:!EXPORT40:!EXPORT56:!aNULL:!LOW:!RC4:@STRENGTH
* successfully set certificate verify locations:
  CAfile: /etc/pki/tls/certs/ca-bundle.crt
  CApath: /etc/grid-security/certificates/
* TLSv1.2 (OUT), TLS header, Certificate Status (22):
} [5 bytes data]
* TLSv1.2 (OUT), TLS handshake, Client hello (1):
} [512 bytes data]
* TLSv1.2 (IN), TLS handshake, Server hello (2):
{ [109 bytes data]
* TLSv1.2 (IN), TLS handshake, Certificate (11):
{ [6199 bytes data]
* TLSv1.2 (IN), TLS handshake, Server key exchange (12):
{ [333 bytes data]
* TLSv1.2 (IN), TLS handshake, Request CERT (13):
{ [13495 bytes data]
* TLSv1.2 (IN), TLS handshake, Server finished (14):
{ [4 bytes data]
* TLSv1.2 (OUT), TLS handshake, Certificate (11):
} [6129 bytes data]
* TLSv1.2 (OUT), TLS handshake, Client key exchange (16):
} [70 bytes data]
* TLSv1.2 (OUT), TLS handshake, CERT verify (15):
} [264 bytes data]
* TLSv1.2 (OUT), TLS change cipher, Client hello (1):
} [1 bytes data]
* TLSv1.2 (OUT), TLS handshake, Finished (20):
} [16 bytes data]
* TLSv1.2 (IN), TLS change cipher, Client hello (1):
{ [1 bytes data]
* TLSv1.2 (IN), TLS handshake, Finished (20):
{ [16 bytes data]
* SSL connection using TLSv1.2 / ECDHE-RSA-AES128-GCM-SHA256
* ALPN, server accepted to use http/1.1
* Server certificate:
*  subject: DC=ch; DC=cern; OU=computers; CN=cmsweb.cern.ch
*  start date: Feb 17 13:05:12 2022 GMT
*  expire date: Mar 24 13:05:12 2023 GMT
*  subjectAltName: host "cmsweb.cern.ch" matched cert's "cmsweb.cern.ch"
*  issuer: DC=ch; DC=cern; CN=CERN Grid Certification Authority
*  SSL certificate verify ok.
} [5 bytes data]
> GET /crabserver/prod/info?subresource=version HTTP/1.1
> Host: cmsweb.cern.ch:8443
> User-Agent: CRABClient/v3.220210
> Accept: */*
> Content-Length: 19
> Content-Type: application/x-www-form-urlencoded
> 
} [19 bytes data]
* upload completely sent off: 19 out of 19 bytes
{ [5 bytes data]
< HTTP/1.1 200 OK
< Date: Thu, 31 Mar 2022 14:20:10 GMT
< Server: CherryPy/17.4.0
< Content-Type: application/json
< Vary: Accept
< Cache-Control: max-age=3600
< X-Rest-Status: 100
< Etag: "b9e9d953ebda03e57a376ab381078e87e4cd4aa3"
< Content-Length: 73
< X-Rest-Time: 2084.017 us
< CMS-Server-Time: D=7103 t=1648736410221444
< 
{ [5 bytes data]
100    92  100    73  100    19   1586    413 --:--:-- --:--:-- --:--:--  2000
* Connection #0 to host cmsweb.cern.ch left intact
{"result": [
 ["3.3.19", "3.3.20", "v3", "development", "py3.220218"]
]}

 retcode : 0
DEBUG 2022-03-31 14:20:10.233 UTC: 	 CRABClient version: v3.220210
DEBUG 2022-03-31 14:20:10.233 UTC: 	 Instance is prod
DEBUG 2022-03-31 14:20:10.233 UTC: 	 Server base url is cmsweb.cern.ch
DEBUG 2022-03-31 14:20:10.233 UTC: 	 Command api workflow
DEBUG 2022-03-31 14:20:10.234 UTC: 	 Killing task 220331_114334:yian_crab_WGToLNuG_01J_5f_TuneCP5_13TeV-amcatnloFXFX-pythia8_2016
DEBUG 2022-03-31 14:20:10.234 UTC: 	 Encoded data for curl request: workflow=220331_114334%3Ayian_crab_WGToLNuG_01J_5f_TuneCP5_13TeV-amcatnloFXFX-pythia8_2016
DEBUG 2022-03-31 14:20:10.234 UTC: 	 Executing command :
 curl -v -X DELETE -H "User-Agent: CRABClient/v3.220210" -H "Accept: */*" --data @/tmp/crab_curlDatayRkM0d --cert "/tmp/x509up_u110046" --key "/tmp/x509up_u110046" --capath "/etc/grid-security/certificates/" "https://cmsweb.cern.ch:8443/crabserver/prod/workflow" | tee /dev/stderr 
DEBUG 2022-03-31 14:20:10.346 UTC: 	 output : {"desc": {"columns": ["tm_taskname", "tm_task_status", "tm_task_command", "tm_user_role", "tm_user_group", "tm_task_failure", "tm_split_algo", "tm_split_args", "tm_save_logs", "tm_username", "tm_user_dn", "tm_arguments", "tm_input_dataset", "tm_dbs_url", "tm_task_warnings", "tm_publication", "tm_user_webdir", "tm_asourl", "tm_asodb", "tm_output_dataset", "tm_collector", "tm_schedd", "tm_dry_run", "clusterid", "tm_start_time", "tw_name"]}, "result": [
 {"result": "ok"}
]}

 error:   % Total    % Received % Xferd  Average Speed   Time    Time     Time  Current
                                 Dload  Upload   Total   Spent    Left  Speed
  0     0    0     0    0     0      0      0 --:--:-- --:--:-- --:--:--     0*   Trying 188.185.89.202...
* TCP_NODELAY set
* Connected to cmsweb.cern.ch (188.185.89.202) port 8443 (#0)
* ALPN, offering http/1.1
* Cipher selection: ALL:!EXPORT:!EXPORT40:!EXPORT56:!aNULL:!LOW:!RC4:@STRENGTH
* successfully set certificate verify locations:
  CAfile: /etc/pki/tls/certs/ca-bundle.crt
  CApath: /etc/grid-security/certificates/
* TLSv1.2 (OUT), TLS header, Certificate Status (22):
} [5 bytes data]
* TLSv1.2 (OUT), TLS handshake, Client hello (1):
} [512 bytes data]
* TLSv1.2 (IN), TLS handshake, Server hello (2):
{ [109 bytes data]
* TLSv1.2 (IN), TLS handshake, Certificate (11):
{ [6199 bytes data]
* TLSv1.2 (IN), TLS handshake, Server key exchange (12):
{ [333 bytes data]
* TLSv1.2 (IN), TLS handshake, Request CERT (13):
{ [13495 bytes data]
* TLSv1.2 (IN), TLS handshake, Server finished (14):
{ [4 bytes data]
* TLSv1.2 (OUT), TLS handshake, Certificate (11):
} [6129 bytes data]
* TLSv1.2 (OUT), TLS handshake, Client key exchange (16):
} [70 bytes data]
* TLSv1.2 (OUT), TLS handshake, CERT verify (15):
} [264 bytes data]
* TLSv1.2 (OUT), TLS change cipher, Client hello (1):
} [1 bytes data]
* TLSv1.2 (OUT), TLS handshake, Finished (20):
} [16 bytes data]
* TLSv1.2 (IN), TLS change cipher, Client hello (1):
{ [1 bytes data]
* TLSv1.2 (IN), TLS handshake, Finished (20):
{ [16 bytes data]
* SSL connection using TLSv1.2 / ECDHE-RSA-AES128-GCM-SHA256
* ALPN, server accepted to use http/1.1
* Server certificate:
*  subject: DC=ch; DC=cern; OU=computers; CN=cmsweb.cern.ch
*  start date: Feb 17 13:05:12 2022 GMT
*  expire date: Mar 24 13:05:12 2023 GMT
*  subjectAltName: host "cmsweb.cern.ch" matched cert's "cmsweb.cern.ch"
*  issuer: DC=ch; DC=cern; CN=CERN Grid Certification Authority
*  SSL certificate verify ok.
} [5 bytes data]
> DELETE /crabserver/prod/workflow HTTP/1.1
> Host: cmsweb.cern.ch:8443
> User-Agent: CRABClient/v3.220210
> Accept: */*
> Content-Length: 90
> Content-Type: application/x-www-form-urlencoded
> 
} [90 bytes data]
* upload completely sent off: 90 out of 90 bytes
{ [5 bytes data]
< HTTP/1.1 200 OK
< Date: Thu, 31 Mar 2022 14:20:10 GMT
< Server: CherryPy/17.4.0
< Content-Type: application/json
< Vary: Accept
< X-Rest-Status: 100
< Etag: "9f5402a68210d9f006763b33a2a338daa0c60453"
< Content-Length: 476
< X-Rest-Time: 16249.657 us
< CMS-Server-Time: D=21740 t=1648736410317763
< 
{ [5 bytes data]
100   566  100   476  100    90   8067   1525 --:--:-- --:--:-- --:--:--  9593
* Connection #0 to host cmsweb.cern.ch left intact
{"desc": {"columns": ["tm_taskname", "tm_task_status", "tm_task_command", "tm_user_role", "tm_user_group", "tm_task_failure", "tm_split_algo", "tm_split_args", "tm_save_logs", "tm_username", "tm_user_dn", "tm_arguments", "tm_input_dataset", "tm_dbs_url", "tm_task_warnings", "tm_publication", "tm_user_webdir", "tm_asourl", "tm_asodb", "tm_output_dataset", "tm_collector", "tm_schedd", "tm_dry_run", "clusterid", "tm_start_time", "tw_name"]}, "result": [
 {"result": "ok"}
]}

 retcode : 0
DEBUG 2022-03-31 14:20:10.347 UTC: 	 Result: {u'result': [{u'result': u'ok'}], u'desc': {u'columns': [u'tm_taskname', u'tm_task_status', u'tm_task_command', u'tm_user_role', u'tm_user_group', u'tm_task_failure', u'tm_split_algo', u'tm_split_args', u'tm_save_logs', u'tm_username', u'tm_user_dn', u'tm_arguments', u'tm_input_dataset', u'tm_dbs_url', u'tm_task_warnings', u'tm_publication', u'tm_user_webdir', u'tm_asourl', u'tm_asodb', u'tm_output_dataset', u'tm_collector', u'tm_schedd', u'tm_dry_run', u'clusterid', u'tm_start_time', u'tw_name']}}
INFO 2022-03-31 14:20:10.347 UTC: 	 Kill request successfully sent
INFO 2022-03-31 14:20:10.399 UTC: 	 Log file is /afs/cern.ch/work/y/yian/work/GZ/CMSSW_10_6_29/src/PhysicsTools/NanoAODTools/WWG/2016post/crab/crab2016/crab_WGToLNuG_01J_5f_TuneCP5_13TeV-amcatnloFXFX-pythia8_2016/crab.log
